mode: atomic
github.com/moov-io/identity/pkg/session/service_session.go:31.107,37.2 1 0
github.com/moov-io/identity/pkg/session/service_session.go:40.68,42.16 2 0
github.com/moov-io/identity/pkg/session/service_session.go:46.2,47.23 2 0
github.com/moov-io/identity/pkg/session/service_session.go:51.2,71.16 6 0
github.com/moov-io/identity/pkg/session/service_session.go:75.2,75.25 1 0
github.com/moov-io/identity/pkg/session/service_session.go:42.16,44.3 1 0
github.com/moov-io/identity/pkg/session/service_session.go:47.23,49.3 1 0
github.com/moov-io/identity/pkg/session/service_session.go:71.16,73.3 1 0
github.com/moov-io/identity/pkg/session/service_session.go:79.80,81.16 2 0
github.com/moov-io/identity/pkg/session/service_session.go:85.2,94.8 1 0
github.com/moov-io/identity/pkg/session/service_session.go:81.16,83.3 1 0
github.com/moov-io/identity/pkg/session/service_session.go:98.73,100.16 2 0
github.com/moov-io/identity/pkg/session/service_session.go:104.2,105.16 2 0
github.com/moov-io/identity/pkg/session/service_session.go:109.2,109.21 1 0
github.com/moov-io/identity/pkg/session/service_session.go:100.16,102.3 1 0
github.com/moov-io/identity/pkg/session/service_session.go:105.16,107.3 1 0
github.com/moov-io/identity/pkg/session/service_session.go:113.70,114.108 1 0
github.com/moov-io/identity/pkg/session/service_session.go:139.2,139.16 1 0
github.com/moov-io/identity/pkg/session/service_session.go:143.2,143.65 1 0
github.com/moov-io/identity/pkg/session/service_session.go:147.2,147.44 1 0
github.com/moov-io/identity/pkg/session/service_session.go:114.108,118.10 2 0
github.com/moov-io/identity/pkg/session/service_session.go:122.3,123.17 2 0
github.com/moov-io/identity/pkg/session/service_session.go:128.3,130.27 2 0
github.com/moov-io/identity/pkg/session/service_session.go:136.3,136.77 1 0
github.com/moov-io/identity/pkg/session/service_session.go:118.10,120.4 1 0
github.com/moov-io/identity/pkg/session/service_session.go:123.17,125.4 1 0
github.com/moov-io/identity/pkg/session/service_session.go:130.27,131.20 1 0
github.com/moov-io/identity/pkg/session/service_session.go:131.20,133.5 1 0
github.com/moov-io/identity/pkg/session/service_session.go:139.16,141.3 1 0
github.com/moov-io/identity/pkg/session/service_session.go:143.65,145.3 1 0
github.com/moov-io/identity/pkg/session/service_session.go:150.58,152.2 1 0
github.com/moov-io/identity/pkg/session/service_session.go:154.63,155.30 1 0
github.com/moov-io/identity/pkg/session/service_session.go:161.2,161.12 1 0
github.com/moov-io/identity/pkg/session/service_session.go:155.30,156.20 1 0
github.com/moov-io/identity/pkg/session/service_session.go:156.20,158.4 1 0
github.com/moov-io/identity/pkg/session/api_whoami.go:20.112,26.2 1 0
github.com/moov-io/identity/pkg/session/api_whoami.go:29.48,38.2 1 0
github.com/moov-io/identity/pkg/session/api_whoami.go:41.75,43.16 2 0
github.com/moov-io/identity/pkg/session/api_whoami.go:49.2,50.16 2 0
github.com/moov-io/identity/pkg/session/api_whoami.go:56.2,59.16 3 0
github.com/moov-io/identity/pkg/session/api_whoami.go:65.2,81.40 3 0
github.com/moov-io/identity/pkg/session/api_whoami.go:43.16,47.3 3 0
github.com/moov-io/identity/pkg/session/api_whoami.go:50.16,54.3 3 0
github.com/moov-io/identity/pkg/session/api_whoami.go:59.16,63.3 3 0
github.com/moov-io/identity/pkg/logging/model_levels.go:16.50,20.2 1 23
github.com/moov-io/identity/pkg/logging/logger.go:32.32,34.2 1 1
github.com/moov-io/identity/pkg/logging/logger.go:36.28,38.2 1 1
github.com/moov-io/identity/pkg/logging/logger.go:40.51,45.2 4 13
github.com/moov-io/identity/pkg/logging/logger.go:47.42,55.2 2 15
github.com/moov-io/identity/pkg/logging/logger.go:58.50,62.26 2 23
github.com/moov-io/identity/pkg/logging/logger.go:66.2,66.25 1 23
github.com/moov-io/identity/pkg/logging/logger.go:73.2,76.3 1 23
github.com/moov-io/identity/pkg/logging/logger.go:62.26,64.3 1 8
github.com/moov-io/identity/pkg/logging/logger.go:66.25,68.29 2 23
github.com/moov-io/identity/pkg/logging/logger.go:68.29,70.4 1 23
github.com/moov-io/identity/pkg/logging/logger.go:79.59,83.26 2 7
github.com/moov-io/identity/pkg/logging/logger.go:87.2,87.27 1 7
github.com/moov-io/identity/pkg/logging/logger.go:91.2,94.3 1 7
github.com/moov-io/identity/pkg/logging/logger.go:83.26,85.3 1 8
github.com/moov-io/identity/pkg/logging/logger.go:87.27,89.3 1 8
github.com/moov-io/identity/pkg/logging/logger.go:97.57,101.2 1 6
github.com/moov-io/identity/pkg/logging/logger.go:103.32,105.2 1 17
github.com/moov-io/identity/pkg/logging/logger.go:107.33,109.2 1 2
github.com/moov-io/identity/pkg/logging/logger.go:111.33,113.2 1 1
github.com/moov-io/identity/pkg/logging/logger.go:115.34,118.26 3 13
github.com/moov-io/identity/pkg/logging/logger.go:124.2,130.16 6 13
github.com/moov-io/identity/pkg/logging/logger.go:138.2,138.26 1 13
github.com/moov-io/identity/pkg/logging/logger.go:118.26,122.3 3 21
github.com/moov-io/identity/pkg/logging/logger.go:130.16,131.53 1 56
github.com/moov-io/identity/pkg/logging/logger.go:135.3,135.44 1 56
github.com/moov-io/identity/pkg/logging/logger.go:131.53,134.4 2 39
github.com/moov-io/identity/pkg/logging/logger.go:142.56,143.16 1 3
github.com/moov-io/identity/pkg/logging/logger.go:147.2,148.12 2 3
github.com/moov-io/identity/pkg/logging/logger.go:143.16,145.3 1 1
github.com/moov-io/identity/pkg/logging/logger.go:151.67,154.2 2 1
github.com/moov-io/identity/pkg/notifications/repo_templates.go:26.75,32.100 4 2
github.com/moov-io/identity/pkg/notifications/repo_templates.go:82.2,82.16 1 2
github.com/moov-io/identity/pkg/notifications/repo_templates.go:86.2,91.8 2 2
github.com/moov-io/identity/pkg/notifications/repo_templates.go:32.100,42.14 3 8
github.com/moov-io/identity/pkg/notifications/repo_templates.go:79.3,79.13 1 8
github.com/moov-io/identity/pkg/notifications/repo_templates.go:43.15,45.18 2 2
github.com/moov-io/identity/pkg/notifications/repo_templates.go:49.4,50.18 2 2
github.com/moov-io/identity/pkg/notifications/repo_templates.go:54.4,55.18 2 2
github.com/moov-io/identity/pkg/notifications/repo_templates.go:59.4,59.50 1 2
github.com/moov-io/identity/pkg/notifications/repo_templates.go:60.16,62.18 2 4
github.com/moov-io/identity/pkg/notifications/repo_templates.go:66.4,67.18 2 4
github.com/moov-io/identity/pkg/notifications/repo_templates.go:71.4,72.18 2 4
github.com/moov-io/identity/pkg/notifications/repo_templates.go:76.4,76.50 1 4
github.com/moov-io/identity/pkg/notifications/repo_templates.go:45.18,47.5 1 0
github.com/moov-io/identity/pkg/notifications/repo_templates.go:50.18,52.5 1 0
github.com/moov-io/identity/pkg/notifications/repo_templates.go:55.18,57.5 1 0
github.com/moov-io/identity/pkg/notifications/repo_templates.go:62.18,64.5 1 0
github.com/moov-io/identity/pkg/notifications/repo_templates.go:67.18,69.5 1 0
github.com/moov-io/identity/pkg/notifications/repo_templates.go:72.18,74.5 1 0
github.com/moov-io/identity/pkg/notifications/repo_templates.go:82.16,84.3 1 0
github.com/moov-io/identity/pkg/notifications/repo_templates.go:94.68,96.21 2 1
github.com/moov-io/identity/pkg/notifications/repo_templates.go:100.2,103.16 3 1
github.com/moov-io/identity/pkg/notifications/repo_templates.go:107.2,107.32 1 1
github.com/moov-io/identity/pkg/notifications/repo_templates.go:96.21,98.3 1 0
github.com/moov-io/identity/pkg/notifications/repo_templates.go:103.16,105.3 1 0
github.com/moov-io/identity/pkg/notifications/repo_templates.go:110.68,112.21 2 1
github.com/moov-io/identity/pkg/notifications/repo_templates.go:116.2,119.16 3 1
github.com/moov-io/identity/pkg/notifications/repo_templates.go:123.2,123.32 1 1
github.com/moov-io/identity/pkg/notifications/repo_templates.go:112.21,114.3 1 0
github.com/moov-io/identity/pkg/notifications/repo_templates.go:119.16,121.3 1 0
github.com/moov-io/identity/pkg/notifications/service_mock.go:12.74,16.2 1 1
github.com/moov-io/identity/pkg/notifications/service_mock.go:18.71,26.2 4 1
github.com/moov-io/identity/pkg/notifications/service_notifications.go:13.137,14.24 1 2
github.com/moov-io/identity/pkg/notifications/service_notifications.go:20.2,20.74 1 0
github.com/moov-io/identity/pkg/notifications/service_notifications.go:14.24,16.3 1 1
github.com/moov-io/identity/pkg/notifications/service_notifications.go:16.8,16.31 1 1
github.com/moov-io/identity/pkg/notifications/service_notifications.go:16.31,18.3 1 1
github.com/moov-io/identity/pkg/notifications/service_smtp.go:18.123,29.2 4 1
github.com/moov-io/identity/pkg/notifications/service_smtp.go:31.71,46.16 7 1
github.com/moov-io/identity/pkg/notifications/service_smtp.go:50.2,50.15 1 1
github.com/moov-io/identity/pkg/notifications/service_smtp.go:54.2,55.16 2 1
github.com/moov-io/identity/pkg/notifications/service_smtp.go:59.2,59.16 1 1
github.com/moov-io/identity/pkg/notifications/service_smtp.go:63.2,63.48 1 1
github.com/moov-io/identity/pkg/notifications/service_smtp.go:67.2,68.12 2 1
github.com/moov-io/identity/pkg/notifications/service_smtp.go:46.16,48.3 1 0
github.com/moov-io/identity/pkg/notifications/service_smtp.go:50.15,52.3 1 1
github.com/moov-io/identity/pkg/notifications/service_smtp.go:55.16,57.3 1 0
github.com/moov-io/identity/pkg/notifications/service_smtp.go:59.16,61.3 1 1
github.com/moov-io/identity/pkg/notifications/service_smtp.go:63.48,65.3 1 0
github.com/moov-io/identity/pkg/notifications/model_invite_email.go:8.45,13.2 1 2
github.com/moov-io/identity/pkg/notifications/model_invite_email.go:15.45,17.2 1 3
github.com/moov-io/identity/pkg/notifications/model_invite_email.go:19.45,21.2 1 3
github.com/moov-io/identity/pkg/identities/api.go:20.70,22.2 1 9
github.com/moov-io/identity/pkg/identities/api.go:25.42,52.2 1 9
github.com/moov-io/identity/pkg/identities/api.go:54.54,55.13 1 3
github.com/moov-io/identity/pkg/identities/api.go:56.21,57.21 1 3
github.com/moov-io/identity/pkg/identities/api.go:58.10,60.9 2 0
github.com/moov-io/identity/pkg/identities/api.go:65.78,66.58 1 2
github.com/moov-io/identity/pkg/identities/api.go:66.58,70.17 4 2
github.com/moov-io/identity/pkg/identities/api.go:75.3,75.21 1 1
github.com/moov-io/identity/pkg/identities/api.go:70.17,73.4 2 1
github.com/moov-io/identity/pkg/identities/api.go:80.74,81.58 1 4
github.com/moov-io/identity/pkg/identities/api.go:81.58,85.17 4 4
github.com/moov-io/identity/pkg/identities/api.go:90.3,90.41 1 3
github.com/moov-io/identity/pkg/identities/api.go:85.17,88.4 2 1
github.com/moov-io/identity/pkg/identities/api.go:95.77,96.58 1 2
github.com/moov-io/identity/pkg/identities/api.go:96.58,100.17 4 2
github.com/moov-io/identity/pkg/identities/api.go:105.3,105.41 1 2
github.com/moov-io/identity/pkg/identities/api.go:100.17,103.4 2 0
github.com/moov-io/identity/pkg/identities/api.go:110.77,111.58 1 2
github.com/moov-io/identity/pkg/identities/api.go:111.58,115.67 4 2
github.com/moov-io/identity/pkg/identities/api.go:120.3,121.17 2 2
github.com/moov-io/identity/pkg/identities/api.go:126.3,126.41 1 1
github.com/moov-io/identity/pkg/identities/api.go:115.67,118.4 2 0
github.com/moov-io/identity/pkg/identities/api.go:121.17,124.4 2 1
github.com/moov-io/identity/pkg/identities/repo_identities.go:20.51,22.2 1 9
github.com/moov-io/identity/pkg/identities/repo_identities.go:28.83,36.16 3 2
github.com/moov-io/identity/pkg/identities/repo_identities.go:40.2,40.26 1 2
github.com/moov-io/identity/pkg/identities/repo_identities.go:44.2,52.16 3 1
github.com/moov-io/identity/pkg/identities/repo_identities.go:56.2,64.16 3 1
github.com/moov-io/identity/pkg/identities/repo_identities.go:68.2,68.30 1 1
github.com/moov-io/identity/pkg/identities/repo_identities.go:84.2,84.24 1 1
github.com/moov-io/identity/pkg/identities/repo_identities.go:36.16,38.3 1 0
github.com/moov-io/identity/pkg/identities/repo_identities.go:40.26,42.3 1 1
github.com/moov-io/identity/pkg/identities/repo_identities.go:52.16,54.3 1 0
github.com/moov-io/identity/pkg/identities/repo_identities.go:64.16,66.3 1 0
github.com/moov-io/identity/pkg/identities/repo_identities.go:68.30,71.31 2 3
github.com/moov-io/identity/pkg/identities/repo_identities.go:77.3,77.28 1 3
github.com/moov-io/identity/pkg/identities/repo_identities.go:71.31,72.36 1 18
github.com/moov-io/identity/pkg/identities/repo_identities.go:72.36,74.5 1 6
github.com/moov-io/identity/pkg/identities/repo_identities.go:77.28,78.36 1 27
github.com/moov-io/identity/pkg/identities/repo_identities.go:78.36,80.5 1 9
github.com/moov-io/identity/pkg/identities/repo_identities.go:87.73,97.16 3 8
github.com/moov-io/identity/pkg/identities/repo_identities.go:101.2,101.26 1 8
github.com/moov-io/identity/pkg/identities/repo_identities.go:105.2,113.16 3 5
github.com/moov-io/identity/pkg/identities/repo_identities.go:117.2,125.16 3 5
github.com/moov-io/identity/pkg/identities/repo_identities.go:129.2,129.26 1 5
github.com/moov-io/identity/pkg/identities/repo_identities.go:133.2,136.28 3 5
github.com/moov-io/identity/pkg/identities/repo_identities.go:97.16,99.3 1 0
github.com/moov-io/identity/pkg/identities/repo_identities.go:101.26,103.3 1 3
github.com/moov-io/identity/pkg/identities/repo_identities.go:113.16,115.3 1 0
github.com/moov-io/identity/pkg/identities/repo_identities.go:125.16,127.3 1 0
github.com/moov-io/identity/pkg/identities/repo_identities.go:129.26,131.3 1 0
github.com/moov-io/identity/pkg/identities/repo_identities.go:139.79,141.16 2 2
github.com/moov-io/identity/pkg/identities/repo_identities.go:144.2,179.16 4 2
github.com/moov-io/identity/pkg/identities/repo_identities.go:183.2,184.16 2 2
github.com/moov-io/identity/pkg/identities/repo_identities.go:187.2,187.14 1 2
github.com/moov-io/identity/pkg/identities/repo_identities.go:191.2,191.56 1 2
github.com/moov-io/identity/pkg/identities/repo_identities.go:195.2,195.53 1 2
github.com/moov-io/identity/pkg/identities/repo_identities.go:199.2,201.22 2 2
github.com/moov-io/identity/pkg/identities/repo_identities.go:141.16,143.3 1 0
github.com/moov-io/identity/pkg/identities/repo_identities.go:179.16,181.3 1 0
github.com/moov-io/identity/pkg/identities/repo_identities.go:184.16,186.3 1 0
github.com/moov-io/identity/pkg/identities/repo_identities.go:187.14,189.3 1 0
github.com/moov-io/identity/pkg/identities/repo_identities.go:191.56,193.3 1 0
github.com/moov-io/identity/pkg/identities/repo_identities.go:195.53,197.3 1 0
github.com/moov-io/identity/pkg/identities/repo_identities.go:204.77,206.16 2 8
github.com/moov-io/identity/pkg/identities/repo_identities.go:209.2,249.16 4 8
github.com/moov-io/identity/pkg/identities/repo_identities.go:253.2,254.16 2 7
github.com/moov-io/identity/pkg/identities/repo_identities.go:257.2,257.14 1 7
github.com/moov-io/identity/pkg/identities/repo_identities.go:261.2,261.57 1 7
github.com/moov-io/identity/pkg/identities/repo_identities.go:265.2,265.54 1 7
github.com/moov-io/identity/pkg/identities/repo_identities.go:269.2,271.23 2 7
github.com/moov-io/identity/pkg/identities/repo_identities.go:206.16,208.3 1 0
github.com/moov-io/identity/pkg/identities/repo_identities.go:249.16,251.3 1 1
github.com/moov-io/identity/pkg/identities/repo_identities.go:254.16,256.3 1 0
github.com/moov-io/identity/pkg/identities/repo_identities.go:257.14,259.3 1 0
github.com/moov-io/identity/pkg/identities/repo_identities.go:261.57,263.3 1 0
github.com/moov-io/identity/pkg/identities/repo_identities.go:265.54,267.3 1 0
github.com/moov-io/identity/pkg/identities/repo_identities.go:294.104,296.16 2 10
github.com/moov-io/identity/pkg/identities/repo_identities.go:299.2,302.18 3 10
github.com/moov-io/identity/pkg/identities/repo_identities.go:328.2,328.35 1 10
github.com/moov-io/identity/pkg/identities/repo_identities.go:332.2,332.19 1 10
github.com/moov-io/identity/pkg/identities/repo_identities.go:296.16,298.3 1 0
github.com/moov-io/identity/pkg/identities/repo_identities.go:302.18,321.17 2 8
github.com/moov-io/identity/pkg/identities/repo_identities.go:325.3,325.30 1 8
github.com/moov-io/identity/pkg/identities/repo_identities.go:321.17,323.4 1 0
github.com/moov-io/identity/pkg/identities/repo_identities.go:328.35,330.3 1 0
github.com/moov-io/identity/pkg/identities/repo_identities.go:349.104,351.16 2 6
github.com/moov-io/identity/pkg/identities/repo_identities.go:354.2,357.18 3 6
github.com/moov-io/identity/pkg/identities/repo_identities.go:377.2,377.35 1 6
github.com/moov-io/identity/pkg/identities/repo_identities.go:381.2,381.19 1 6
github.com/moov-io/identity/pkg/identities/repo_identities.go:351.16,353.3 1 0
github.com/moov-io/identity/pkg/identities/repo_identities.go:357.18,370.17 2 16
github.com/moov-io/identity/pkg/identities/repo_identities.go:374.3,374.30 1 16
github.com/moov-io/identity/pkg/identities/repo_identities.go:370.17,372.4 1 0
github.com/moov-io/identity/pkg/identities/repo_identities.go:377.35,379.3 1 0
github.com/moov-io/identity/pkg/identities/repo_identities.go:393.98,395.16 2 6
github.com/moov-io/identity/pkg/identities/repo_identities.go:398.2,401.18 3 6
github.com/moov-io/identity/pkg/identities/repo_identities.go:416.2,416.35 1 6
github.com/moov-io/identity/pkg/identities/repo_identities.go:420.2,420.19 1 6
github.com/moov-io/identity/pkg/identities/repo_identities.go:395.16,397.3 1 0
github.com/moov-io/identity/pkg/identities/repo_identities.go:401.18,409.17 2 14
github.com/moov-io/identity/pkg/identities/repo_identities.go:413.3,413.30 1 14
github.com/moov-io/identity/pkg/identities/repo_identities.go:409.17,411.4 1 0
github.com/moov-io/identity/pkg/identities/repo_identities.go:416.35,418.3 1 0
github.com/moov-io/identity/pkg/identities/repo_identities.go:423.84,442.38 2 9
github.com/moov-io/identity/pkg/identities/repo_identities.go:503.2,503.156 1 9
github.com/moov-io/identity/pkg/identities/repo_identities.go:507.2,507.12 1 9
github.com/moov-io/identity/pkg/identities/repo_identities.go:442.38,456.17 2 17
github.com/moov-io/identity/pkg/identities/repo_identities.go:460.3,461.17 2 17
github.com/moov-io/identity/pkg/identities/repo_identities.go:465.3,465.15 1 17
github.com/moov-io/identity/pkg/identities/repo_identities.go:456.17,458.4 1 0
github.com/moov-io/identity/pkg/identities/repo_identities.go:461.17,463.4 1 0
github.com/moov-io/identity/pkg/identities/repo_identities.go:465.15,496.18 3 14
github.com/moov-io/identity/pkg/identities/repo_identities.go:496.18,498.5 1 0
github.com/moov-io/identity/pkg/identities/repo_identities.go:503.156,505.3 1 0
github.com/moov-io/identity/pkg/identities/repo_identities.go:510.81,524.35 2 9
github.com/moov-io/identity/pkg/identities/repo_identities.go:570.2,570.154 1 9
github.com/moov-io/identity/pkg/identities/repo_identities.go:574.2,574.12 1 9
github.com/moov-io/identity/pkg/identities/repo_identities.go:524.35,533.17 2 15
github.com/moov-io/identity/pkg/identities/repo_identities.go:537.3,538.17 2 15
github.com/moov-io/identity/pkg/identities/repo_identities.go:542.3,542.15 1 15
github.com/moov-io/identity/pkg/identities/repo_identities.go:533.17,535.4 1 0
github.com/moov-io/identity/pkg/identities/repo_identities.go:538.17,540.4 1 0
github.com/moov-io/identity/pkg/identities/repo_identities.go:542.15,563.18 3 14
github.com/moov-io/identity/pkg/identities/repo_identities.go:563.18,565.5 1 0
github.com/moov-io/identity/pkg/identities/repo_identities.go:570.154,572.3 1 0
github.com/moov-io/identity/pkg/identities/service_identities.go:21.83,26.2 1 9
github.com/moov-io/identity/pkg/identities/service_identities.go:29.85,31.16 2 2
github.com/moov-io/identity/pkg/identities/service_identities.go:35.2,43.16 7 1
github.com/moov-io/identity/pkg/identities/service_identities.go:48.2,48.12 1 1
github.com/moov-io/identity/pkg/identities/service_identities.go:31.16,33.3 1 1
github.com/moov-io/identity/pkg/identities/service_identities.go:43.16,45.3 1 0
github.com/moov-io/identity/pkg/identities/service_identities.go:52.98,54.14 2 8
github.com/moov-io/identity/pkg/identities/service_identities.go:58.2,58.45 1 5
github.com/moov-io/identity/pkg/identities/service_identities.go:62.2,62.15 1 5
github.com/moov-io/identity/pkg/identities/service_identities.go:54.14,56.3 1 3
github.com/moov-io/identity/pkg/identities/service_identities.go:58.45,60.3 1 0
github.com/moov-io/identity/pkg/identities/service_identities.go:66.97,69.2 2 2
github.com/moov-io/identity/pkg/identities/service_identities.go:72.128,74.16 2 2
github.com/moov-io/identity/pkg/identities/service_identities.go:78.2,88.34 10 1
github.com/moov-io/identity/pkg/identities/service_identities.go:106.2,107.37 2 1
github.com/moov-io/identity/pkg/identities/service_identities.go:130.2,131.16 2 1
github.com/moov-io/identity/pkg/identities/service_identities.go:137.2,137.21 1 1
github.com/moov-io/identity/pkg/identities/service_identities.go:74.16,76.3 1 1
github.com/moov-io/identity/pkg/identities/service_identities.go:88.34,90.17 2 1
github.com/moov-io/identity/pkg/identities/service_identities.go:94.3,103.4 1 1
github.com/moov-io/identity/pkg/identities/service_identities.go:90.17,92.4 1 1
github.com/moov-io/identity/pkg/identities/service_identities.go:107.37,109.17 2 2
github.com/moov-io/identity/pkg/identities/service_identities.go:113.3,127.4 1 2
github.com/moov-io/identity/pkg/identities/service_identities.go:109.17,111.4 1 2
github.com/moov-io/identity/pkg/identities/service_identities.go:131.16,133.3 1 0
github.com/moov-io/identity/pkg/identities/service_identities.go:141.93,145.37 3 8
github.com/moov-io/identity/pkg/identities/service_identities.go:155.2,156.40 2 8
github.com/moov-io/identity/pkg/identities/service_identities.go:171.2,192.16 3 8
github.com/moov-io/identity/pkg/identities/service_identities.go:200.2,200.19 1 7
github.com/moov-io/identity/pkg/identities/service_identities.go:145.37,153.3 1 14
github.com/moov-io/identity/pkg/identities/service_identities.go:156.40,169.3 1 13
github.com/moov-io/identity/pkg/identities/service_identities.go:192.16,194.3 1 1
github.com/moov-io/identity/pkg/identities/service_identities.go:204.77,206.14 2 8
github.com/moov-io/identity/pkg/identities/service_identities.go:210.2,210.15 1 5
github.com/moov-io/identity/pkg/identities/service_identities.go:206.14,208.3 1 3
github.com/moov-io/identity/pkg/credentials/api_credentials.go:19.75,21.2 1 10
github.com/moov-io/identity/pkg/credentials/api_credentials.go:24.56,39.2 1 10
github.com/moov-io/identity/pkg/credentials/api_credentials.go:42.95,43.58 1 3
github.com/moov-io/identity/pkg/credentials/api_credentials.go:43.58,48.17 5 3
github.com/moov-io/identity/pkg/credentials/api_credentials.go:59.3,59.21 1 1
github.com/moov-io/identity/pkg/credentials/api_credentials.go:48.17,49.15 1 2
github.com/moov-io/identity/pkg/credentials/api_credentials.go:56.4,56.10 1 2
github.com/moov-io/identity/pkg/credentials/api_credentials.go:50.23,51.23 1 2
github.com/moov-io/identity/pkg/credentials/api_credentials.go:52.12,53.23 1 0
github.com/moov-io/identity/pkg/credentials/api_credentials.go:64.92,65.58 1 2
github.com/moov-io/identity/pkg/credentials/api_credentials.go:65.58,69.17 4 2
github.com/moov-io/identity/pkg/credentials/api_credentials.go:74.3,74.41 1 2
github.com/moov-io/identity/pkg/credentials/api_credentials.go:69.17,72.4 2 0
github.com/moov-io/identity/pkg/credentials/repo_credentials.go:19.63,21.2 1 10
github.com/moov-io/identity/pkg/credentials/repo_credentials.go:27.74,35.2 2 4
github.com/moov-io/identity/pkg/credentials/repo_credentials.go:37.93,46.16 3 4
github.com/moov-io/identity/pkg/credentials/repo_credentials.go:50.2,50.23 1 4
github.com/moov-io/identity/pkg/credentials/repo_credentials.go:54.2,54.25 1 3
github.com/moov-io/identity/pkg/credentials/repo_credentials.go:46.16,48.3 1 0
github.com/moov-io/identity/pkg/credentials/repo_credentials.go:50.23,52.3 1 1
github.com/moov-io/identity/pkg/credentials/repo_credentials.go:57.93,66.16 3 5
github.com/moov-io/identity/pkg/credentials/repo_credentials.go:70.2,70.23 1 5
github.com/moov-io/identity/pkg/credentials/repo_credentials.go:74.2,74.25 1 2
github.com/moov-io/identity/pkg/credentials/repo_credentials.go:66.16,68.3 1 0
github.com/moov-io/identity/pkg/credentials/repo_credentials.go:70.23,72.3 1 3
github.com/moov-io/identity/pkg/credentials/repo_credentials.go:77.81,100.16 3 29
github.com/moov-io/identity/pkg/credentials/repo_credentials.go:104.2,104.60 1 28
github.com/moov-io/identity/pkg/credentials/repo_credentials.go:108.2,108.26 1 28
github.com/moov-io/identity/pkg/credentials/repo_credentials.go:100.16,102.3 1 1
github.com/moov-io/identity/pkg/credentials/repo_credentials.go:104.60,106.3 1 0
github.com/moov-io/identity/pkg/credentials/repo_credentials.go:111.97,128.16 3 3
github.com/moov-io/identity/pkg/credentials/repo_credentials.go:132.2,132.60 1 2
github.com/moov-io/identity/pkg/credentials/repo_credentials.go:136.2,136.12 1 2
github.com/moov-io/identity/pkg/credentials/repo_credentials.go:128.16,130.3 1 1
github.com/moov-io/identity/pkg/credentials/repo_credentials.go:132.60,134.3 1 0
github.com/moov-io/identity/pkg/credentials/repo_credentials.go:139.80,162.16 3 4
github.com/moov-io/identity/pkg/credentials/repo_credentials.go:166.2,166.22 1 4
github.com/moov-io/identity/pkg/credentials/repo_credentials.go:162.16,164.3 1 0
github.com/moov-io/identity/pkg/credentials/repo_credentials.go:169.95,171.16 2 13
github.com/moov-io/identity/pkg/credentials/repo_credentials.go:174.2,177.18 3 13
github.com/moov-io/identity/pkg/credentials/repo_credentials.go:186.2,186.35 1 13
github.com/moov-io/identity/pkg/credentials/repo_credentials.go:190.2,190.25 1 13
github.com/moov-io/identity/pkg/credentials/repo_credentials.go:171.16,173.3 1 0
github.com/moov-io/identity/pkg/credentials/repo_credentials.go:177.18,179.177 2 8
github.com/moov-io/identity/pkg/credentials/repo_credentials.go:183.3,183.42 1 8
github.com/moov-io/identity/pkg/credentials/repo_credentials.go:179.177,181.4 1 0
github.com/moov-io/identity/pkg/credentials/repo_credentials.go:186.35,188.3 1 0
github.com/moov-io/identity/pkg/credentials/service_credentials.go:19.105,24.2 1 10
github.com/moov-io/identity/pkg/credentials/service_credentials.go:27.136,29.16 2 5
github.com/moov-io/identity/pkg/credentials/service_credentials.go:33.2,39.16 6 2
github.com/moov-io/identity/pkg/credentials/service_credentials.go:45.2,45.19 1 2
github.com/moov-io/identity/pkg/credentials/service_credentials.go:29.16,31.3 1 3
github.com/moov-io/identity/pkg/credentials/service_credentials.go:39.16,41.3 1 0
github.com/moov-io/identity/pkg/credentials/service_credentials.go:49.91,51.2 1 4
github.com/moov-io/identity/pkg/credentials/service_credentials.go:53.103,56.16 2 4
github.com/moov-io/identity/pkg/credentials/service_credentials.go:60.2,64.16 3 3
github.com/moov-io/identity/pkg/credentials/service_credentials.go:68.2,69.16 2 2
github.com/moov-io/identity/pkg/credentials/service_credentials.go:75.2,75.19 1 2
github.com/moov-io/identity/pkg/credentials/service_credentials.go:56.16,58.3 1 1
github.com/moov-io/identity/pkg/credentials/service_credentials.go:64.16,66.3 1 1
github.com/moov-io/identity/pkg/credentials/service_credentials.go:69.16,71.3 1 0
github.com/moov-io/identity/pkg/credentials/service_credentials.go:78.118,91.16 3 29
github.com/moov-io/identity/pkg/credentials/service_credentials.go:99.2,99.19 1 28
github.com/moov-io/identity/pkg/credentials/service_credentials.go:91.16,93.3 1 1
github.com/moov-io/identity/pkg/invites/repo_invites.go:21.50,23.2 1 15
github.com/moov-io/identity/pkg/invites/repo_invites.go:29.80,39.2 2 7
github.com/moov-io/identity/pkg/invites/repo_invites.go:41.95,50.16 3 8
github.com/moov-io/identity/pkg/invites/repo_invites.go:54.2,54.19 1 8
github.com/moov-io/identity/pkg/invites/repo_invites.go:58.2,58.21 1 6
github.com/moov-io/identity/pkg/invites/repo_invites.go:50.16,52.3 1 0
github.com/moov-io/identity/pkg/invites/repo_invites.go:54.19,56.3 1 2
github.com/moov-io/identity/pkg/invites/repo_invites.go:61.70,70.16 3 8
github.com/moov-io/identity/pkg/invites/repo_invites.go:74.2,74.19 1 8
github.com/moov-io/identity/pkg/invites/repo_invites.go:78.2,78.21 1 5
github.com/moov-io/identity/pkg/invites/repo_invites.go:70.16,72.3 1 0
github.com/moov-io/identity/pkg/invites/repo_invites.go:74.19,76.3 1 3
github.com/moov-io/identity/pkg/invites/repo_invites.go:81.89,104.16 3 21
github.com/moov-io/identity/pkg/invites/repo_invites.go:108.2,108.21 1 21
github.com/moov-io/identity/pkg/invites/repo_invites.go:104.16,106.3 1 0
github.com/moov-io/identity/pkg/invites/repo_invites.go:111.59,129.16 3 7
github.com/moov-io/identity/pkg/invites/repo_invites.go:133.2,134.16 2 7
github.com/moov-io/identity/pkg/invites/repo_invites.go:137.2,137.14 1 7
github.com/moov-io/identity/pkg/invites/repo_invites.go:141.2,141.12 1 5
github.com/moov-io/identity/pkg/invites/repo_invites.go:129.16,131.3 1 0
github.com/moov-io/identity/pkg/invites/repo_invites.go:134.16,136.3 1 0
github.com/moov-io/identity/pkg/invites/repo_invites.go:137.14,139.3 1 2
github.com/moov-io/identity/pkg/invites/repo_invites.go:157.93,159.16 2 23
github.com/moov-io/identity/pkg/invites/repo_invites.go:162.2,165.18 3 23
github.com/moov-io/identity/pkg/invites/repo_invites.go:184.2,184.35 1 23
github.com/moov-io/identity/pkg/invites/repo_invites.go:188.2,188.19 1 23
github.com/moov-io/identity/pkg/invites/repo_invites.go:159.16,161.3 1 0
github.com/moov-io/identity/pkg/invites/repo_invites.go:165.18,177.17 2 16
github.com/moov-io/identity/pkg/invites/repo_invites.go:181.3,181.30 1 16
github.com/moov-io/identity/pkg/invites/repo_invites.go:177.17,179.4 1 0
github.com/moov-io/identity/pkg/invites/repo_invites.go:184.35,186.3 1 0
github.com/moov-io/identity/pkg/invites/service_invites.go:27.168,30.16 2 7
github.com/moov-io/identity/pkg/invites/service_invites.go:34.2,40.8 1 7
github.com/moov-io/identity/pkg/invites/service_invites.go:30.16,32.3 1 0
github.com/moov-io/identity/pkg/invites/service_invites.go:44.85,47.2 2 3
github.com/moov-io/identity/pkg/invites/service_invites.go:50.112,64.17 3 7
github.com/moov-io/identity/pkg/invites/service_invites.go:69.2,76.79 6 7
github.com/moov-io/identity/pkg/invites/service_invites.go:81.2,82.17 2 7
github.com/moov-io/identity/pkg/invites/service_invites.go:86.2,86.28 1 7
github.com/moov-io/identity/pkg/invites/service_invites.go:64.17,66.3 1 0
github.com/moov-io/identity/pkg/invites/service_invites.go:76.79,78.3 1 0
github.com/moov-io/identity/pkg/invites/service_invites.go:82.17,84.3 1 0
github.com/moov-io/identity/pkg/invites/service_invites.go:90.88,92.16 2 2
github.com/moov-io/identity/pkg/invites/service_invites.go:96.2,101.37 5 2
github.com/moov-io/identity/pkg/invites/service_invites.go:92.16,94.3 1 0
github.com/moov-io/identity/pkg/invites/service_invites.go:104.67,106.16 2 4
github.com/moov-io/identity/pkg/invites/service_invites.go:110.2,110.43 1 3
github.com/moov-io/identity/pkg/invites/service_invites.go:114.2,114.30 1 2
github.com/moov-io/identity/pkg/invites/service_invites.go:118.2,121.53 3 1
github.com/moov-io/identity/pkg/invites/service_invites.go:125.2,125.20 1 1
github.com/moov-io/identity/pkg/invites/service_invites.go:106.16,108.3 1 1
github.com/moov-io/identity/pkg/invites/service_invites.go:110.43,112.3 1 1
github.com/moov-io/identity/pkg/invites/service_invites.go:114.30,116.3 1 1
github.com/moov-io/identity/pkg/invites/service_invites.go:121.53,123.3 1 0
github.com/moov-io/identity/pkg/invites/service_invites.go:129.44,132.16 3 21
github.com/moov-io/identity/pkg/invites/service_invites.go:136.2,137.19 2 21
github.com/moov-io/identity/pkg/invites/service_invites.go:132.16,134.3 1 0
github.com/moov-io/identity/pkg/invites/api.go:19.64,21.2 1 3
github.com/moov-io/identity/pkg/invites/api.go:24.42,45.2 1 3
github.com/moov-io/identity/pkg/invites/api.go:48.75,49.58 1 1
github.com/moov-io/identity/pkg/invites/api.go:49.58,53.17 4 1
github.com/moov-io/identity/pkg/invites/api.go:58.3,58.21 1 1
github.com/moov-io/identity/pkg/invites/api.go:53.17,56.4 2 0
github.com/moov-io/identity/pkg/invites/api.go:63.74,64.58 1 2
github.com/moov-io/identity/pkg/invites/api.go:64.58,68.17 2 2
github.com/moov-io/identity/pkg/invites/api.go:73.3,73.41 1 2
github.com/moov-io/identity/pkg/invites/api.go:68.17,71.4 2 0
github.com/moov-io/identity/pkg/invites/api.go:78.73,79.58 1 3
github.com/moov-io/identity/pkg/invites/api.go:79.58,81.65 2 3
github.com/moov-io/identity/pkg/invites/api.go:86.3,87.17 2 3
github.com/moov-io/identity/pkg/invites/api.go:92.3,92.41 1 3
github.com/moov-io/identity/pkg/invites/api.go:81.65,84.4 2 0
github.com/moov-io/identity/pkg/invites/api.go:87.17,90.4 2 0
github.com/moov-io/identity/pkg/webkeys/service_http_jwks.go:17.89,18.19 1 2
github.com/moov-io/identity/pkg/webkeys/service_http_jwks.go:22.2,29.16 3 2
github.com/moov-io/identity/pkg/webkeys/service_http_jwks.go:33.2,35.21 2 1
github.com/moov-io/identity/pkg/webkeys/service_http_jwks.go:18.19,20.3 1 2
github.com/moov-io/identity/pkg/webkeys/service_http_jwks.go:29.16,31.3 1 1
github.com/moov-io/identity/pkg/webkeys/service_http_jwks.go:38.63,42.36 2 2
github.com/moov-io/identity/pkg/webkeys/service_http_jwks.go:62.2,66.24 2 1
github.com/moov-io/identity/pkg/webkeys/service_http_jwks.go:42.36,45.17 2 2
github.com/moov-io/identity/pkg/webkeys/service_http_jwks.go:49.3,50.29 2 2
github.com/moov-io/identity/pkg/webkeys/service_http_jwks.go:54.3,55.74 2 1
github.com/moov-io/identity/pkg/webkeys/service_http_jwks.go:59.3,59.51 1 1
github.com/moov-io/identity/pkg/webkeys/service_http_jwks.go:45.17,47.4 1 0
github.com/moov-io/identity/pkg/webkeys/service_http_jwks.go:50.29,52.4 1 1
github.com/moov-io/identity/pkg/webkeys/service_http_jwks.go:55.74,57.4 1 0
github.com/moov-io/identity/pkg/webkeys/service_http_jwks.go:69.63,71.2 1 1
github.com/moov-io/identity/pkg/webkeys/service_webkeys.go:13.89,14.24 1 5
github.com/moov-io/identity/pkg/webkeys/service_webkeys.go:14.24,16.3 1 2
github.com/moov-io/identity/pkg/webkeys/service_webkeys.go:16.8,16.31 1 3
github.com/moov-io/identity/pkg/webkeys/service_webkeys.go:16.31,18.3 1 2
github.com/moov-io/identity/pkg/webkeys/service_webkeys.go:18.8,21.3 2 1
github.com/moov-io/identity/pkg/webkeys/api_jwks.go:15.67,17.2 1 1
github.com/moov-io/identity/pkg/webkeys/api_jwks.go:19.71,22.2 2 1
github.com/moov-io/identity/pkg/webkeys/api_jwks.go:24.53,26.2 1 2
github.com/moov-io/identity/pkg/webkeys/api_jwks.go:28.80,30.16 2 1
github.com/moov-io/identity/pkg/webkeys/api_jwks.go:36.2,37.30 2 1
github.com/moov-io/identity/pkg/webkeys/api_jwks.go:43.2,46.62 3 1
github.com/moov-io/identity/pkg/webkeys/api_jwks.go:30.16,33.3 2 0
github.com/moov-io/identity/pkg/webkeys/api_jwks.go:37.30,38.19 1 2
github.com/moov-io/identity/pkg/webkeys/api_jwks.go:38.19,40.4 1 1
github.com/moov-io/identity/pkg/webkeys/api_jwks.go:46.62,48.3 1 0
github.com/moov-io/identity/pkg/webkeys/service_file_jwks.go:15.68,19.16 3 2
github.com/moov-io/identity/pkg/webkeys/service_file_jwks.go:23.2,25.21 2 1
github.com/moov-io/identity/pkg/webkeys/service_file_jwks.go:19.16,21.3 1 1
github.com/moov-io/identity/pkg/webkeys/service_file_jwks.go:28.63,32.38 2 2
github.com/moov-io/identity/pkg/webkeys/service_file_jwks.go:46.2,50.24 2 1
github.com/moov-io/identity/pkg/webkeys/service_file_jwks.go:32.38,34.17 2 3
github.com/moov-io/identity/pkg/webkeys/service_file_jwks.go:38.3,39.65 2 2
github.com/moov-io/identity/pkg/webkeys/service_file_jwks.go:43.3,43.51 1 2
github.com/moov-io/identity/pkg/webkeys/service_file_jwks.go:34.17,36.4 1 1
github.com/moov-io/identity/pkg/webkeys/service_file_jwks.go:39.65,41.4 1 0
github.com/moov-io/identity/pkg/webkeys/service_file_jwks.go:53.63,55.2 1 1
github.com/moov-io/identity/pkg/webkeys/service_generate_jwks.go:21.61,23.16 2 3
github.com/moov-io/identity/pkg/webkeys/service_generate_jwks.go:27.2,34.16 3 3
github.com/moov-io/identity/pkg/webkeys/service_generate_jwks.go:38.2,48.73 4 3
github.com/moov-io/identity/pkg/webkeys/service_generate_jwks.go:52.2,55.8 1 3
github.com/moov-io/identity/pkg/webkeys/service_generate_jwks.go:23.16,25.3 1 0
github.com/moov-io/identity/pkg/webkeys/service_generate_jwks.go:34.16,36.3 1 0
github.com/moov-io/identity/pkg/webkeys/service_generate_jwks.go:48.73,50.3 1 0
github.com/moov-io/identity/pkg/webkeys/service_generate_jwks.go:58.67,64.2 2 2
github.com/moov-io/identity/pkg/webkeys/service_generate_jwks.go:66.55,69.16 3 2
github.com/moov-io/identity/pkg/webkeys/service_generate_jwks.go:73.2,75.16 3 2
github.com/moov-io/identity/pkg/webkeys/service_generate_jwks.go:79.2,83.65 4 2
github.com/moov-io/identity/pkg/webkeys/service_generate_jwks.go:87.2,87.67 1 2
github.com/moov-io/identity/pkg/webkeys/service_generate_jwks.go:91.2,91.12 1 2
github.com/moov-io/identity/pkg/webkeys/service_generate_jwks.go:69.16,71.3 1 0
github.com/moov-io/identity/pkg/webkeys/service_generate_jwks.go:75.16,77.3 1 0
github.com/moov-io/identity/pkg/webkeys/service_generate_jwks.go:83.65,85.3 1 0
github.com/moov-io/identity/pkg/webkeys/service_generate_jwks.go:87.67,89.3 1 0
github.com/moov-io/identity/pkg/authn/model_login_session.go:33.70,35.27 2 5
github.com/moov-io/identity/pkg/authn/model_login_session.go:38.2,38.21 1 5
github.com/moov-io/identity/pkg/authn/model_login_session.go:35.27,37.3 1 0
github.com/moov-io/identity/pkg/authn/model_login_session.go:42.112,44.16 2 5
github.com/moov-io/identity/pkg/authn/model_login_session.go:50.2,50.15 1 5
github.com/moov-io/identity/pkg/authn/model_login_session.go:44.16,48.3 3 0
github.com/moov-io/identity/pkg/authn/service_internal.go:31.27,40.2 1 8
github.com/moov-io/identity/pkg/authn/service_internal.go:43.118,52.16 3 3
github.com/moov-io/identity/pkg/authn/service_internal.go:57.2,58.16 2 2
github.com/moov-io/identity/pkg/authn/service_internal.go:63.2,64.16 2 2
github.com/moov-io/identity/pkg/authn/service_internal.go:69.2,74.49 2 2
github.com/moov-io/identity/pkg/authn/service_internal.go:52.16,54.3 1 1
github.com/moov-io/identity/pkg/authn/service_internal.go:58.16,60.3 1 0
github.com/moov-io/identity/pkg/authn/service_internal.go:64.16,66.3 1 0
github.com/moov-io/identity/pkg/authn/service_internal.go:78.109,85.16 3 4
github.com/moov-io/identity/pkg/authn/service_internal.go:89.2,92.16 3 3
github.com/moov-io/identity/pkg/authn/service_internal.go:96.2,105.16 4 3
github.com/moov-io/identity/pkg/authn/service_internal.go:109.2,109.20 1 3
github.com/moov-io/identity/pkg/authn/service_internal.go:85.16,87.3 1 1
github.com/moov-io/identity/pkg/authn/service_internal.go:92.16,94.3 1 0
github.com/moov-io/identity/pkg/authn/service_internal.go:105.16,107.3 1 0
github.com/moov-io/identity/pkg/authn/service_internal.go:112.44,114.2 1 2
github.com/moov-io/identity/pkg/authn/api_internal.go:19.85,21.2 1 4
github.com/moov-io/identity/pkg/authn/api_internal.go:24.50,45.2 1 4
github.com/moov-io/identity/pkg/authn/api_internal.go:48.84,49.73 1 2
github.com/moov-io/identity/pkg/authn/api_internal.go:49.73,57.17 3 2
github.com/moov-io/identity/pkg/authn/api_internal.go:63.3,64.64 2 1
github.com/moov-io/identity/pkg/authn/api_internal.go:57.17,61.4 3 1
github.com/moov-io/identity/pkg/authn/api_internal.go:69.79,71.73 1 2
github.com/moov-io/identity/pkg/authn/api_internal.go:71.73,73.3 1 2
github.com/moov-io/identity/pkg/authn/api_internal.go:77.89,78.73 1 0
github.com/moov-io/identity/pkg/authn/api_internal.go:78.73,80.71 2 0
github.com/moov-io/identity/pkg/authn/api_internal.go:85.3,85.48 1 0
github.com/moov-io/identity/pkg/authn/api_internal.go:80.71,83.4 2 0
github.com/moov-io/identity/pkg/authn/api_internal.go:89.135,91.16 2 2
github.com/moov-io/identity/pkg/authn/api_internal.go:97.2,98.63 2 1
github.com/moov-io/identity/pkg/authn/api_internal.go:91.16,95.3 3 1
github.com/moov-io/identity/pkg/authn/middleware.go:23.125,25.16 2 4
github.com/moov-io/identity/pkg/authn/middleware.go:29.2,33.8 1 4
github.com/moov-io/identity/pkg/authn/middleware.go:25.16,27.3 1 0
github.com/moov-io/identity/pkg/authn/middleware.go:37.59,38.71 1 4
github.com/moov-io/identity/pkg/authn/middleware.go:38.71,40.17 2 4
github.com/moov-io/identity/pkg/authn/middleware.go:47.3,49.31 2 1
github.com/moov-io/identity/pkg/authn/middleware.go:40.17,44.4 3 3
github.com/moov-io/identity/pkg/authn/middleware.go:54.74,56.16 2 4
github.com/moov-io/identity/pkg/authn/middleware.go:60.2,61.16 2 3
github.com/moov-io/identity/pkg/authn/middleware.go:65.2,65.21 1 1
github.com/moov-io/identity/pkg/authn/middleware.go:56.16,58.3 1 1
github.com/moov-io/identity/pkg/authn/middleware.go:61.16,63.3 1 2
github.com/moov-io/identity/pkg/authn/middleware.go:69.71,70.110 1 3
github.com/moov-io/identity/pkg/authn/middleware.go:87.2,87.16 1 3
github.com/moov-io/identity/pkg/authn/middleware.go:91.2,91.67 1 1
github.com/moov-io/identity/pkg/authn/middleware.go:95.2,95.44 1 0
github.com/moov-io/identity/pkg/authn/middleware.go:70.110,74.10 2 3
github.com/moov-io/identity/pkg/authn/middleware.go:79.3,80.18 2 3
github.com/moov-io/identity/pkg/authn/middleware.go:84.3,84.23 1 3
github.com/moov-io/identity/pkg/authn/middleware.go:74.10,76.4 1 0
github.com/moov-io/identity/pkg/authn/middleware.go:80.18,82.4 1 0
github.com/moov-io/identity/pkg/authn/middleware.go:87.16,89.3 1 2
github.com/moov-io/identity/pkg/authn/middleware.go:91.67,93.3 1 1
github.com/moov-io/identity/pkg/identity/environment.go:40.90,42.27 2 1
github.com/moov-io/identity/pkg/identity/environment.go:54.2,55.16 2 1
github.com/moov-io/identity/pkg/identity/environment.go:60.2,63.16 3 1
github.com/moov-io/identity/pkg/identity/environment.go:67.2,68.16 2 1
github.com/moov-io/identity/pkg/identity/environment.go:72.2,73.16 2 1
github.com/moov-io/identity/pkg/identity/environment.go:77.2,80.16 3 1
github.com/moov-io/identity/pkg/identity/environment.go:84.2,85.16 2 1
github.com/moov-io/identity/pkg/identity/environment.go:89.2,97.16 7 1
github.com/moov-io/identity/pkg/identity/environment.go:101.2,114.16 7 1
github.com/moov-io/identity/pkg/identity/environment.go:118.2,128.16 6 1
github.com/moov-io/identity/pkg/identity/environment.go:132.2,151.20 8 1
github.com/moov-io/identity/pkg/identity/environment.go:156.2,156.18 1 1
github.com/moov-io/identity/pkg/identity/environment.go:42.27,44.3 1 0
github.com/moov-io/identity/pkg/identity/environment.go:44.8,48.52 3 1
github.com/moov-io/identity/pkg/identity/environment.go:48.52,50.4 1 0
github.com/moov-io/identity/pkg/identity/environment.go:55.16,58.3 2 0
github.com/moov-io/identity/pkg/identity/environment.go:63.16,65.3 1 0
github.com/moov-io/identity/pkg/identity/environment.go:68.16,70.3 1 0
github.com/moov-io/identity/pkg/identity/environment.go:73.16,75.3 1 0
github.com/moov-io/identity/pkg/identity/environment.go:80.16,82.3 1 0
github.com/moov-io/identity/pkg/identity/environment.go:85.16,87.3 1 0
github.com/moov-io/identity/pkg/identity/environment.go:97.16,99.3 1 0
github.com/moov-io/identity/pkg/identity/environment.go:114.16,116.3 1 0
github.com/moov-io/identity/pkg/identity/environment.go:128.16,130.3 1 0
github.com/moov-io/identity/pkg/identity/environment.go:151.20,153.4 1 0
github.com/moov-io/identity/pkg/identity/environment.go:159.105,164.16 3 1
github.com/moov-io/identity/pkg/identity/environment.go:168.2,168.21 1 1
github.com/moov-io/identity/pkg/identity/environment.go:176.2,176.67 1 1
github.com/moov-io/identity/pkg/identity/environment.go:180.2,182.26 2 1
github.com/moov-io/identity/pkg/identity/environment.go:164.16,166.3 1 0
github.com/moov-io/identity/pkg/identity/environment.go:168.21,171.36 3 0
github.com/moov-io/identity/pkg/identity/environment.go:171.36,173.4 1 0
github.com/moov-io/identity/pkg/identity/environment.go:176.67,178.3 1 0
github.com/moov-io/identity/pkg/identity/server.go:21.55,30.11 4 1
github.com/moov-io/identity/pkg/identity/server.go:34.2,34.16 1 1
github.com/moov-io/identity/pkg/identity/server.go:30.11,32.3 1 0
github.com/moov-io/identity/pkg/identity/server.go:34.16,37.3 2 1
github.com/moov-io/identity/pkg/identity/server.go:40.42,42.12 2 1
github.com/moov-io/identity/pkg/identity/server.go:48.2,48.13 1 1
github.com/moov-io/identity/pkg/identity/server.go:42.12,46.3 3 1
github.com/moov-io/identity/pkg/identity/server.go:51.74,52.46 1 0
github.com/moov-io/identity/pkg/identity/server.go:52.46,54.3 1 0
github.com/moov-io/identity/pkg/identity/server.go:57.134,74.12 2 1
github.com/moov-io/identity/pkg/identity/server.go:81.2,81.27 1 1
github.com/moov-io/identity/pkg/identity/server.go:87.2,87.30 1 1
github.com/moov-io/identity/pkg/identity/server.go:74.12,76.48 2 1
github.com/moov-io/identity/pkg/identity/server.go:76.48,78.4 1 1
github.com/moov-io/identity/pkg/identity/server.go:81.27,82.56 1 1
github.com/moov-io/identity/pkg/identity/server.go:82.56,84.4 1 0
github.com/moov-io/identity/pkg/identity/server.go:90.93,93.12 2 1
github.com/moov-io/identity/pkg/identity/server.go:100.2,100.20 1 1
github.com/moov-io/identity/pkg/identity/server.go:93.12,95.46 2 1
github.com/moov-io/identity/pkg/identity/server.go:95.46,97.4 1 1
github.com/moov-io/identity/pkg/database/database.go:15.90,16.25 1 0
github.com/moov-io/identity/pkg/database/database.go:22.2,22.55 1 0
github.com/moov-io/identity/pkg/database/database.go:16.25,18.3 1 0
github.com/moov-io/identity/pkg/database/database.go:18.8,18.34 1 0
github.com/moov-io/identity/pkg/database/database.go:18.34,20.3 1 0
github.com/moov-io/identity/pkg/database/database.go:25.108,26.19 1 0
github.com/moov-io/identity/pkg/database/database.go:30.2,30.16 1 0
github.com/moov-io/identity/pkg/database/database.go:34.2,35.16 2 0
github.com/moov-io/identity/pkg/database/database.go:39.2,39.21 1 0
github.com/moov-io/identity/pkg/database/database.go:43.2,44.16 2 0
github.com/moov-io/identity/pkg/database/database.go:48.2,48.26 1 0
github.com/moov-io/identity/pkg/database/database.go:26.19,28.3 1 0
github.com/moov-io/identity/pkg/database/database.go:30.16,32.3 1 0
github.com/moov-io/identity/pkg/database/database.go:35.16,36.22 1 0
github.com/moov-io/identity/pkg/database/database.go:36.23,36.24 0 0
github.com/moov-io/identity/pkg/database/database.go:39.21,41.3 1 0
github.com/moov-io/identity/pkg/database/database.go:44.16,46.3 1 0
github.com/moov-io/identity/pkg/database/database.go:53.38,55.2 1 4
github.com/moov-io/identity/pkg/database/migrator.go:16.81,22.16 4 0
github.com/moov-io/identity/pkg/database/migrator.go:26.2,31.16 2 0
github.com/moov-io/identity/pkg/database/migrator.go:35.2,36.13 2 0
github.com/moov-io/identity/pkg/database/migrator.go:44.2,46.12 2 0
github.com/moov-io/identity/pkg/database/migrator.go:22.16,24.3 1 0
github.com/moov-io/identity/pkg/database/migrator.go:31.16,33.3 1 0
github.com/moov-io/identity/pkg/database/migrator.go:37.11,37.11 0 0
github.com/moov-io/identity/pkg/database/migrator.go:38.27,39.48 1 0
github.com/moov-io/identity/pkg/database/migrator.go:40.10,41.69 1 0
github.com/moov-io/identity/pkg/database/migrator.go:49.76,50.25 1 0
github.com/moov-io/identity/pkg/database/migrator.go:56.2,56.55 1 0
github.com/moov-io/identity/pkg/database/migrator.go:50.25,52.3 1 0
github.com/moov-io/identity/pkg/database/migrator.go:52.8,52.34 1 0
github.com/moov-io/identity/pkg/database/migrator.go:52.34,54.3 1 0
github.com/moov-io/identity/pkg/database/migrator.go:59.55,61.2 1 0
github.com/moov-io/identity/pkg/database/migrator.go:63.57,65.2 1 0
github.com/moov-io/identity/pkg/database/mysql.go:32.41,33.55 1 1
github.com/moov-io/identity/pkg/database/mysql.go:38.3,38.12 1 1
github.com/moov-io/identity/pkg/database/mysql.go:33.55,34.50 1 0
github.com/moov-io/identity/pkg/database/mysql.go:34.50,36.5 1 0
github.com/moov-io/identity/pkg/database/mysql.go:44.49,44.50 0 21
github.com/moov-io/identity/pkg/database/mysql.go:46.13,48.2 1 1
github.com/moov-io/identity/pkg/database/mysql.go:57.64,59.16 2 2
github.com/moov-io/identity/pkg/database/mysql.go:62.2,65.34 2 1
github.com/moov-io/identity/pkg/database/mysql.go:72.2,72.12 1 1
github.com/moov-io/identity/pkg/database/mysql.go:87.2,87.16 1 1
github.com/moov-io/identity/pkg/database/mysql.go:59.16,61.3 1 1
github.com/moov-io/identity/pkg/database/mysql.go:65.34,67.3 1 0
github.com/moov-io/identity/pkg/database/mysql.go:72.12,74.7 2 1
github.com/moov-io/identity/pkg/database/mysql.go:74.7,75.11 1 1
github.com/moov-io/identity/pkg/database/mysql.go:76.22,77.11 1 1
github.com/moov-io/identity/pkg/database/mysql.go:78.15,82.77 4 0
github.com/moov-io/identity/pkg/database/mysql.go:90.100,92.46 2 2
github.com/moov-io/identity/pkg/database/mysql.go:95.2,101.3 3 2
github.com/moov-io/identity/pkg/database/mysql.go:92.46,94.3 1 0
github.com/moov-io/identity/pkg/database/mysql.go:114.37,118.55 2 1
github.com/moov-io/identity/pkg/database/mysql.go:122.2,124.21 2 1
github.com/moov-io/identity/pkg/database/mysql.go:118.55,119.63 1 0
github.com/moov-io/identity/pkg/database/mysql.go:131.51,132.21 1 1
github.com/moov-io/identity/pkg/database/mysql.go:135.2,135.23 1 1
github.com/moov-io/identity/pkg/database/mysql.go:139.2,140.16 2 1
github.com/moov-io/identity/pkg/database/mysql.go:143.2,153.16 2 1
github.com/moov-io/identity/pkg/database/mysql.go:156.2,156.32 1 1
github.com/moov-io/identity/pkg/database/mysql.go:164.2,164.16 1 1
github.com/moov-io/identity/pkg/database/mysql.go:169.2,175.16 5 1
github.com/moov-io/identity/pkg/database/mysql.go:180.2,182.72 2 1
github.com/moov-io/identity/pkg/database/mysql.go:132.21,134.3 1 0
github.com/moov-io/identity/pkg/database/mysql.go:135.23,137.3 1 0
github.com/moov-io/identity/pkg/database/mysql.go:140.16,142.3 1 0
github.com/moov-io/identity/pkg/database/mysql.go:153.16,155.3 1 0
github.com/moov-io/identity/pkg/database/mysql.go:156.32,158.17 2 8
github.com/moov-io/identity/pkg/database/mysql.go:161.3,162.19 2 8
github.com/moov-io/identity/pkg/database/mysql.go:158.17,160.4 1 0
github.com/moov-io/identity/pkg/database/mysql.go:164.16,167.3 2 0
github.com/moov-io/identity/pkg/database/mysql.go:175.16,177.3 1 0
github.com/moov-io/identity/pkg/database/mysql.go:187.43,189.44 2 4
github.com/moov-io/identity/pkg/database/mysql.go:192.2,192.14 1 4
github.com/moov-io/identity/pkg/database/mysql.go:189.44,191.3 1 0
github.com/moov-io/identity/pkg/database/sqlite.go:39.64,40.18 1 2
github.com/moov-io/identity/pkg/database/sqlite.go:44.2,44.33 1 2
github.com/moov-io/identity/pkg/database/sqlite.go:50.2,51.16 2 2
github.com/moov-io/identity/pkg/database/sqlite.go:54.2,54.34 1 2
github.com/moov-io/identity/pkg/database/sqlite.go:61.2,61.12 1 1
github.com/moov-io/identity/pkg/database/sqlite.go:77.2,77.16 1 1
github.com/moov-io/identity/pkg/database/sqlite.go:40.18,42.3 1 0
github.com/moov-io/identity/pkg/database/sqlite.go:44.33,45.44 1 1
github.com/moov-io/identity/pkg/database/sqlite.go:45.44,47.4 1 1
github.com/moov-io/identity/pkg/database/sqlite.go:51.16,53.3 1 0
github.com/moov-io/identity/pkg/database/sqlite.go:54.34,56.3 1 1
github.com/moov-io/identity/pkg/database/sqlite.go:61.12,63.7 2 1
github.com/moov-io/identity/pkg/database/sqlite.go:63.7,64.11 1 1
github.com/moov-io/identity/pkg/database/sqlite.go:65.22,66.11 1 1
github.com/moov-io/identity/pkg/database/sqlite.go:67.15,71.76 4 0
github.com/moov-io/identity/pkg/database/sqlite.go:80.63,86.2 1 2
github.com/moov-io/identity/pkg/database/sqlite.go:88.29,90.48 2 1
github.com/moov-io/identity/pkg/database/sqlite.go:95.2,95.13 1 1
github.com/moov-io/identity/pkg/database/sqlite.go:90.48,94.3 1 1
github.com/moov-io/identity/pkg/database/sqlite.go:108.38,112.55 2 1
github.com/moov-io/identity/pkg/database/sqlite.go:115.2,115.37 1 1
github.com/moov-io/identity/pkg/database/sqlite.go:118.2,118.28 1 1
github.com/moov-io/identity/pkg/database/sqlite.go:112.55,113.64 1 0
github.com/moov-io/identity/pkg/database/sqlite.go:115.37,117.3 1 0
github.com/moov-io/identity/pkg/database/sqlite.go:125.53,127.16 2 1
github.com/moov-io/identity/pkg/database/sqlite.go:131.2,134.16 3 1
github.com/moov-io/identity/pkg/database/sqlite.go:139.2,141.62 2 1
github.com/moov-io/identity/pkg/database/sqlite.go:127.16,129.3 1 0
github.com/moov-io/identity/pkg/database/sqlite.go:134.16,136.3 1 0
github.com/moov-io/identity/pkg/database/sqlite.go:146.44,148.38 2 2
github.com/moov-io/identity/pkg/database/sqlite.go:151.2,151.14 1 2
github.com/moov-io/identity/pkg/database/sqlite.go:148.38,150.3 1 0
github.com/moov-io/identity/pkg/gateway/model_session.go:15.60,17.27 2 1
github.com/moov-io/identity/pkg/gateway/model_session.go:20.2,20.21 1 1
github.com/moov-io/identity/pkg/gateway/model_session.go:17.27,19.3 1 0
github.com/moov-io/identity/pkg/gateway/model_session.go:23.77,25.16 2 1
github.com/moov-io/identity/pkg/gateway/model_session.go:30.2,30.15 1 1
github.com/moov-io/identity/pkg/gateway/model_session.go:25.16,28.3 2 0
github.com/moov-io/identity/pkg/gateway/model_session.go:33.33,38.2 1 6
github.com/moov-io/identity/pkg/gateway/model_session.go:40.50,45.2 1 1
github.com/moov-io/identity/pkg/gateway/middleware.go:31.125,33.16 2 5
github.com/moov-io/identity/pkg/gateway/middleware.go:37.2,41.8 1 5
github.com/moov-io/identity/pkg/gateway/middleware.go:33.16,35.3 1 0
github.com/moov-io/identity/pkg/gateway/middleware.go:45.59,46.71 1 5
github.com/moov-io/identity/pkg/gateway/middleware.go:46.71,48.17 2 5
github.com/moov-io/identity/pkg/gateway/middleware.go:55.3,57.31 2 1
github.com/moov-io/identity/pkg/gateway/middleware.go:48.17,52.4 3 4
github.com/moov-io/identity/pkg/gateway/middleware.go:62.69,64.16 2 5
github.com/moov-io/identity/pkg/gateway/middleware.go:68.2,69.16 2 3
github.com/moov-io/identity/pkg/gateway/middleware.go:73.2,78.22 2 1
github.com/moov-io/identity/pkg/gateway/middleware.go:64.16,66.3 1 2
github.com/moov-io/identity/pkg/gateway/middleware.go:69.16,71.3 1 2
github.com/moov-io/identity/pkg/gateway/middleware.go:81.70,83.22 2 5
github.com/moov-io/identity/pkg/gateway/middleware.go:87.2,88.82 2 4
github.com/moov-io/identity/pkg/gateway/middleware.go:92.2,92.32 1 3
github.com/moov-io/identity/pkg/gateway/middleware.go:83.22,85.3 1 1
github.com/moov-io/identity/pkg/gateway/middleware.go:88.82,90.3 1 1
github.com/moov-io/identity/pkg/gateway/middleware.go:96.72,97.111 1 3
github.com/moov-io/identity/pkg/gateway/middleware.go:114.2,114.16 1 3
github.com/moov-io/identity/pkg/gateway/middleware.go:118.2,119.25 2 1
github.com/moov-io/identity/pkg/gateway/middleware.go:123.2,123.20 1 1
github.com/moov-io/identity/pkg/gateway/middleware.go:97.111,101.10 2 3
github.com/moov-io/identity/pkg/gateway/middleware.go:106.3,107.18 2 3
github.com/moov-io/identity/pkg/gateway/middleware.go:111.3,111.23 1 3
github.com/moov-io/identity/pkg/gateway/middleware.go:101.10,103.4 1 0
github.com/moov-io/identity/pkg/gateway/middleware.go:107.18,109.4 1 0
github.com/moov-io/identity/pkg/gateway/middleware.go:114.16,116.3 1 2
github.com/moov-io/identity/pkg/gateway/middleware.go:119.25,121.3 1 0
github.com/moov-io/identity/pkg/gateway/mode_tenant_id.go:9.37,11.2 1 3
github.com/moov-io/identity/pkg/gateway/model_identity_id.go:9.39,11.2 1 6
